-------------------------------------------------------------------------------
Test set: search.tests.SearchingInHeaderTests
-------------------------------------------------------------------------------
Tests run: 8, Failures: 2, Errors: 0, Skipped: 0, Time elapsed: 96.628 s <<< FAILURE! - in search.tests.SearchingInHeaderTests
search.tests.SearchingInHeaderTests.checkIsIDSearchCorrect(String)[1]  Time elapsed: 5.446 s  <<< FAILURE!
com.codeborne.selenide.ex.ElementNotFound: 
Element not found {.search-result-grid .title-search-item a}
Expected: visible
Screenshot: file:/C:/Users/user/IdeaProjects/work_test_automation/build/reports/tests/1663941509710.0.png
Page source: file:/C:/Users/user/IdeaProjects/work_test_automation/build/reports/tests/1663941509710.0.html
Timeout: 4 s.
Caused by: NoSuchElementException: no such element: Unable to locate element: {"method":"css selector","selector":".search-result-grid .title-search-item a"}
	at search.tests.SearchingInHeaderTests.checkIsIDSearchCorrect(SearchingInHeaderTests.java:48)
Caused by: org.openqa.selenium.NoSuchElementException: 
no such element: Unable to locate element: {"method":"css selector","selector":".search-result-grid .title-search-item a"}
  (Session info: chrome=105.0.5195.127)
For documentation on this error, please visit: https://selenium.dev/exceptions/#no_such_element
Build info: version: '4.4.0', revision: 'e5c75ed026a'
System info: host: 'PC013', ip: '26.155.93.71', os.name: 'Windows 10', os.arch: 'amd64', os.version: '10.0', java.version: '16.0.2'
Driver info: org.openqa.selenium.chrome.ChromeDriver
Command: [20bb69eab767c3a59dfb2eaa29f6b422, findElement {using=css selector, value=.search-result-grid .title-search-item a}]
Capabilities {acceptInsecureCerts: true, browserName: chrome, browserVersion: 105.0.5195.127, chrome: {chromedriverVersion: 105.0.5195.52 (412c95e51883..., userDataDir: C:\Users\user\AppData\Local...}, goog:chromeOptions: {debuggerAddress: localhost:56791}, networkConnectionEnabled: false, pageLoadStrategy: normal, platformName: WINDOWS, proxy: Proxy(), se:cdp: ws://localhost:56791/devtoo..., se:cdpVersion: 105.0.5195.127, setWindowRect: true, strictFileInteractability: false, timeouts: {implicit: 0, pageLoad: 300000, script: 30000}, unhandledPromptBehavior: accept, webauthn:extension:credBlob: true, webauthn:extension:largeBlob: true, webauthn:virtualAuthenticators: true}
Session ID: 20bb69eab767c3a59dfb2eaa29f6b422
	at search.tests.SearchingInHeaderTests.checkIsIDSearchCorrect(SearchingInHeaderTests.java:48)

search.tests.SearchingInHeaderTests.checkIsIDSearchCorrect(String)[2]  Time elapsed: 6.149 s  <<< FAILURE!
com.codeborne.selenide.ex.ElementNotFound: 
Element not found {.search-result-grid .title-search-item a}
Expected: visible
Screenshot: file:/C:/Users/user/IdeaProjects/work_test_automation/build/reports/tests/1663941515910.1.png
Page source: file:/C:/Users/user/IdeaProjects/work_test_automation/build/reports/tests/1663941515910.1.html
Timeout: 4 s.
Caused by: NoSuchElementException: no such element: Unable to locate element: {"method":"css selector","selector":".search-result-grid .title-search-item a"}
	at search.tests.SearchingInHeaderTests.checkIsIDSearchCorrect(SearchingInHeaderTests.java:48)
Caused by: org.openqa.selenium.NoSuchElementException: 
no such element: Unable to locate element: {"method":"css selector","selector":".search-result-grid .title-search-item a"}
  (Session info: chrome=105.0.5195.127)
For documentation on this error, please visit: https://selenium.dev/exceptions/#no_such_element
Build info: version: '4.4.0', revision: 'e5c75ed026a'
System info: host: 'PC013', ip: '26.155.93.71', os.name: 'Windows 10', os.arch: 'amd64', os.version: '10.0', java.version: '16.0.2'
Driver info: org.openqa.selenium.chrome.ChromeDriver
Command: [20bb69eab767c3a59dfb2eaa29f6b422, findElement {using=css selector, value=.search-result-grid .title-search-item a}]
Capabilities {acceptInsecureCerts: true, browserName: chrome, browserVersion: 105.0.5195.127, chrome: {chromedriverVersion: 105.0.5195.52 (412c95e51883..., userDataDir: C:\Users\user\AppData\Local...}, goog:chromeOptions: {debuggerAddress: localhost:56791}, networkConnectionEnabled: false, pageLoadStrategy: normal, platformName: WINDOWS, proxy: Proxy(), se:cdp: ws://localhost:56791/devtoo..., se:cdpVersion: 105.0.5195.127, setWindowRect: true, strictFileInteractability: false, timeouts: {implicit: 0, pageLoad: 300000, script: 30000}, unhandledPromptBehavior: accept, webauthn:extension:credBlob: true, webauthn:extension:largeBlob: true, webauthn:virtualAuthenticators: true}
Session ID: 20bb69eab767c3a59dfb2eaa29f6b422
	at search.tests.SearchingInHeaderTests.checkIsIDSearchCorrect(SearchingInHeaderTests.java:48)

